<?xml version="1.0" encoding="UTF-8"?>
<testsuite name="design_pattern.ch04.checkTest.CheckTest" tests="1" skipped="0" failures="0" errors="0" timestamp="2017-04-25T00:52:55" hostname="DESKTOP-U827NQG" time="0.012">
  <properties/>
  <testcase name="test" classname="design_pattern.ch04.checkTest.CheckTest" time="0.012"/>
  <system-out><![CDATA[end
]]></system-out>
  <system-err><![CDATA[]]></system-err>
</testsuite>
