<?xml version="1.0" encoding="UTF-8"?>
<testsuite name="design_pattern.ch05.singleton.after.TestSingleton2" tests="1" skipped="0" failures="0" errors="0" timestamp="2017-04-25T00:52:55" hostname="DESKTOP-U827NQG" time="0.007">
  <properties/>
  <testcase name="test" classname="design_pattern.ch05.singleton.after.TestSingleton2" time="0.007"/>
  <system-out><![CDATA[1-Userprint using design_pattern.ch06.singleton.after.Printer@4fc3ae29.
2-Userprint using design_pattern.ch06.singleton.after.Printer@4fc3ae29.
3-Userprint using design_pattern.ch06.singleton.after.Printer@4fc3ae29.
4-Userprint using design_pattern.ch06.singleton.after.Printer@4fc3ae29.
5-Userprint using design_pattern.ch06.singleton.after.Printer@4fc3ae29.
]]></system-out>
  <system-err><![CDATA[]]></system-err>
</testsuite>
